----------------------------------------------------------------------
Error in         : api/file
Time             : 2020/39/18  10:39:14
Version          : 1.0.0.0
OS               : Microsoft Windows 10.0.19041
Module           : 
Procedure        : 
Error Number     : 500
Error Description: Unable to resolve service for type 'WebAPI.Services.Persons.IPersonService' while attempting to activate 'WebAPI.Controllers.FileController'.

----------------------------------------------------------------------
Error in         : api/file
Time             : 2020/40/18  10:40:29
Version          : 1.0.0.0
OS               : Microsoft Windows 10.0.19041
Module           : 
Procedure        : 
Error Number     : 500
Error Description: Unable to resolve service for type 'WebAPI.Services.Persons.IPersonService' while attempting to activate 'WebAPI.Controllers.FileController'.

----------------------------------------------------------------------
Error in         : api/file
Time             : 2020/50/18  10:50:34
Version          : 1.0.0.0
OS               : Microsoft Windows 10.0.19041
Module           : <InsertAsync>d__6
Procedure        : MoveNext
Error Number     : 500
Error Description: Input string was not in a correct format.

----------------------------------------------------------------------
Error in         : api/file
Time             : 2020/12/18  11:12:52
Version          : 1.0.0.0
OS               : Microsoft Windows 10.0.19041
Module           : 
Procedure        : 
Error Number     : 500
Error Description: Unable to resolve service for type 'WebAPI.Services.WorkHistories.IWorkHistoryService' while attempting to activate 'WebAPI.Controllers.FileController'.

