----------------------------------------------------------------------
Error in         : api/file
Time             : 2020/52/17  08:52:58
Version          : 1.0.0.0
OS               : Microsoft Windows 10.0.19041
Module           : FileController
Procedure        : FormatYearAndMonth
Error Number     : 500
Error Description: Index was outside the bounds of the array.

----------------------------------------------------------------------
Error in         : api/file
Time             : 2020/55/17  08:55:45
Version          : 1.0.0.0
OS               : Microsoft Windows 10.0.19041
Module           : FileController
Procedure        : FormatYearAndMonth
Error Number     : 500
Error Description: Index was outside the bounds of the array.

----------------------------------------------------------------------
Error in         : api/file
Time             : 2020/56/17  08:56:55
Version          : 1.0.0.0
OS               : Microsoft Windows 10.0.19041
Module           : FileController
Procedure        : FormatYearAndMonth
Error Number     : 500
Error Description: Index was outside the bounds of the array.

----------------------------------------------------------------------
Error in         : api/file
Time             : 2020/03/17  09:03:10
Version          : 1.0.0.0
OS               : Microsoft Windows 10.0.19041
Module           : FileController
Procedure        : FormatYearAndMonth
Error Number     : 500
Error Description: Index was outside the bounds of the array.

----------------------------------------------------------------------
Error in         : api/file
Time             : 2020/04/17  09:04:07
Version          : 1.0.0.0
OS               : Microsoft Windows 10.0.19041
Module           : FileController
Procedure        : FormatYearAndMonth
Error Number     : 500
Error Description: Index was outside the bounds of the array.

